[2020-08-14 08:49:46] main.CRITICAL: Please upgrade your database: Run "bin/magento setup:upgrade" from the Magento root directory.
The following modules are outdated:
ScandiPWA_Cache data: current version - none, required version - 0.1.0
ScandiPWA_CatalogGraphQl data: current version - none, required version - 1.0.0
ScandiPWA_CmsGraphQl data: current version - none, required version - 0.1.0
ScandiPWA_Installer data: current version - none, required version - 0.0.1
ScandiPWA_KlarnaGraphQl data: current version - none, required version - 1.0.0
Scandiweb_Core data: current version - none, required version - 0.1.3
ScandiPWA_MenuOrganizer data: current version - none, required version - 0.1.0
ScandiPWA_PayPalGraphQl data: current version - none, required version - 1.0.0
ScandiPWA_PersistedQuery data: current version - none, required version - 1.3.0
ScandiPWA_Route717 data: current version - none, required version - 0.1.0
Scandiweb_Slider schema: current version - none, required version - 1.0.15
Scandiweb_Slider data: current version - none, required version - 1.0.15
ScandiPWA_Source schema: current version - none, required version - 0.0.1
ScandiPWA_Source data: current version - none, required version - 0.0.1
ScandiPWA_StoreGraphQL schema: current version - none, required version - 1.0.0
ScandiPWA_StoreGraphQL data: current version - none, required version - 1.0.0
ScandiPWA_Customization schema: current version - none, required version - 1.0.0
ScandiPWA_Customization data: current version - none, required version - 1.0.0
Scandiweb_LocaleResolverFix schema: current version - none, required version - 0.1.0
Scandiweb_LocaleResolverFix data: current version - none, required version - 0.1.0
ScandiPWA_SliderGraphQl schema: current version - none, required version - 0.1.0
ScandiPWA_SliderGraphQl data: current version - none, required version - 0.1.0 {"report_id":"ba511bb6a9f727ac832fcd24f1194be7e0aa869c28a21061e2007b4b9bc06aea","exception":"[object] (Magento\\Framework\\Exception\\LocalizedException(code: 0): Please upgrade your database: Run \"bin/magento setup:upgrade\" from the Magento root directory.
The following modules are outdated:
ScandiPWA_Cache data: current version - none, required version - 0.1.0
ScandiPWA_CatalogGraphQl data: current version - none, required version - 1.0.0
ScandiPWA_CmsGraphQl data: current version - none, required version - 0.1.0
ScandiPWA_Installer data: current version - none, required version - 0.0.1
ScandiPWA_KlarnaGraphQl data: current version - none, required version - 1.0.0
Scandiweb_Core data: current version - none, required version - 0.1.3
ScandiPWA_MenuOrganizer data: current version - none, required version - 0.1.0
ScandiPWA_PayPalGraphQl data: current version - none, required version - 1.0.0
ScandiPWA_PersistedQuery data: current version - none, required version - 1.3.0
ScandiPWA_Route717 data: current version - none, required version - 0.1.0
Scandiweb_Slider schema: current version - none, required version - 1.0.15
Scandiweb_Slider data: current version - none, required version - 1.0.15
ScandiPWA_Source schema: current version - none, required version - 0.0.1
ScandiPWA_Source data: current version - none, required version - 0.0.1
ScandiPWA_StoreGraphQL schema: current version - none, required version - 1.0.0
ScandiPWA_StoreGraphQL data: current version - none, required version - 1.0.0
ScandiPWA_Customization schema: current version - none, required version - 1.0.0
ScandiPWA_Customization data: current version - none, required version - 1.0.0
Scandiweb_LocaleResolverFix schema: current version - none, required version - 0.1.0
Scandiweb_LocaleResolverFix data: current version - none, required version - 0.1.0
ScandiPWA_SliderGraphQl schema: current version - none, required version - 0.1.0
ScandiPWA_SliderGraphQl data: current version - none, required version - 0.1.0 at /home/456785.cloudwaysapps.com/tzdhesupjt/public_html/vendor/magento/framework/Module/Plugin/DbStatusValidator.php:66)"} []
[2020-08-14 08:50:50] main.ERROR: Could not find menu with identifier 'new-main-menu' {"exception":"[object] (GraphQL\\Error\\Error(code: 0): Could not find menu with identifier 'new-main-menu' at /home/456785.cloudwaysapps.com/tzdhesupjt/public_html/vendor/webonyx/graphql-php/src/Error/Error.php:174, InvalidArgumentException(code: 0): Could not find menu with identifier 'new-main-menu' at /home/456785.cloudwaysapps.com/tzdhesupjt/public_html/vendor/scandipwa/menu-organizer/src/Model/Resolver/Menu.php:119)"} []
[2020-08-14 08:58:24] main.ERROR: Could not find menu with identifier 'new-main-menu' {"exception":"[object] (GraphQL\\Error\\Error(code: 0): Could not find menu with identifier 'new-main-menu' at /home/456785.cloudwaysapps.com/tzdhesupjt/public_html/vendor/webonyx/graphql-php/src/Error/Error.php:174, InvalidArgumentException(code: 0): Could not find menu with identifier 'new-main-menu' at /home/456785.cloudwaysapps.com/tzdhesupjt/public_html/vendor/scandipwa/menu-organizer/src/Model/Resolver/Menu.php:119)"} []
[2020-08-14 09:00:15] main.ERROR: Could not find menu with identifier 'new-main-menu' {"exception":"[object] (GraphQL\\Error\\Error(code: 0): Could not find menu with identifier 'new-main-menu' at /home/456785.cloudwaysapps.com/tzdhesupjt/public_html/vendor/webonyx/graphql-php/src/Error/Error.php:174, InvalidArgumentException(code: 0): Could not find menu with identifier 'new-main-menu' at /home/456785.cloudwaysapps.com/tzdhesupjt/public_html/vendor/scandipwa/menu-organizer/src/Model/Resolver/Menu.php:119)"} []
[2020-08-14 09:05:04] main.ERROR: Could not find menu with identifier 'new-main-menu' {"exception":"[object] (GraphQL\\Error\\Error(code: 0): Could not find menu with identifier 'new-main-menu' at /home/456785.cloudwaysapps.com/tzdhesupjt/public_html/vendor/webonyx/graphql-php/src/Error/Error.php:174, InvalidArgumentException(code: 0): Could not find menu with identifier 'new-main-menu' at /home/456785.cloudwaysapps.com/tzdhesupjt/public_html/vendor/scandipwa/menu-organizer/src/Model/Resolver/Menu.php:119)"} []
[2020-08-14 09:05:20] main.ERROR: Could not find menu with identifier 'new-main-menu' {"exception":"[object] (GraphQL\\Error\\Error(code: 0): Could not find menu with identifier 'new-main-menu' at /home/456785.cloudwaysapps.com/tzdhesupjt/public_html/vendor/webonyx/graphql-php/src/Error/Error.php:174, InvalidArgumentException(code: 0): Could not find menu with identifier 'new-main-menu' at /home/456785.cloudwaysapps.com/tzdhesupjt/public_html/vendor/scandipwa/menu-organizer/src/Model/Resolver/Menu.php:119)"} []
[2020-08-14 09:08:13] main.ERROR: Could not find menu with identifier 'new-main-menu' {"exception":"[object] (GraphQL\\Error\\Error(code: 0): Could not find menu with identifier 'new-main-menu' at /home/456785.cloudwaysapps.com/tzdhesupjt/public_html/vendor/webonyx/graphql-php/src/Error/Error.php:174, InvalidArgumentException(code: 0): Could not find menu with identifier 'new-main-menu' at /home/456785.cloudwaysapps.com/tzdhesupjt/public_html/vendor/scandipwa/menu-organizer/src/Model/Resolver/Menu.php:119)"} []
[2020-08-14 09:10:47] main.ERROR: Could not find menu with identifier 'new-main-menu' {"exception":"[object] (GraphQL\\Error\\Error(code: 0): Could not find menu with identifier 'new-main-menu' at /home/456785.cloudwaysapps.com/tzdhesupjt/public_html/vendor/webonyx/graphql-php/src/Error/Error.php:174, InvalidArgumentException(code: 0): Could not find menu with identifier 'new-main-menu' at /home/456785.cloudwaysapps.com/tzdhesupjt/public_html/vendor/scandipwa/menu-organizer/src/Model/Resolver/Menu.php:119)"} []
[2020-08-14 09:10:48] main.ERROR: Could not find menu with identifier 'new-main-menu' {"exception":"[object] (GraphQL\\Error\\Error(code: 0): Could not find menu with identifier 'new-main-menu' at /home/456785.cloudwaysapps.com/tzdhesupjt/public_html/vendor/webonyx/graphql-php/src/Error/Error.php:174, InvalidArgumentException(code: 0): Could not find menu with identifier 'new-main-menu' at /home/456785.cloudwaysapps.com/tzdhesupjt/public_html/vendor/scandipwa/menu-organizer/src/Model/Resolver/Menu.php:119)"} []
[2020-08-14 09:17:36] main.ERROR: Could not find menu with identifier 'new-main-menu' {"exception":"[object] (GraphQL\\Error\\Error(code: 0): Could not find menu with identifier 'new-main-menu' at /home/456785.cloudwaysapps.com/tzdhesupjt/public_html/vendor/webonyx/graphql-php/src/Error/Error.php:174, InvalidArgumentException(code: 0): Could not find menu with identifier 'new-main-menu' at /home/456785.cloudwaysapps.com/tzdhesupjt/public_html/vendor/scandipwa/menu-organizer/src/Model/Resolver/Menu.php:119)"} []
[2020-08-14 09:17:53] main.ERROR: Could not find menu with identifier 'new-main-menu' {"exception":"[object] (GraphQL\\Error\\Error(code: 0): Could not find menu with identifier 'new-main-menu' at /home/456785.cloudwaysapps.com/tzdhesupjt/public_html/vendor/webonyx/graphql-php/src/Error/Error.php:174, InvalidArgumentException(code: 0): Could not find menu with identifier 'new-main-menu' at /home/456785.cloudwaysapps.com/tzdhesupjt/public_html/vendor/scandipwa/menu-organizer/src/Model/Resolver/Menu.php:119)"} []
[2020-08-14 09:20:44] main.ERROR: Could not find menu with identifier 'new-main-menu' {"exception":"[object] (GraphQL\\Error\\Error(code: 0): Could not find menu with identifier 'new-main-menu' at /home/456785.cloudwaysapps.com/tzdhesupjt/public_html/vendor/webonyx/graphql-php/src/Error/Error.php:174, InvalidArgumentException(code: 0): Could not find menu with identifier 'new-main-menu' at /home/456785.cloudwaysapps.com/tzdhesupjt/public_html/vendor/scandipwa/menu-organizer/src/Model/Resolver/Menu.php:119)"} []
[2020-08-14 09:21:24] main.ERROR: Could not find menu with identifier 'new-main-menu' {"exception":"[object] (GraphQL\\Error\\Error(code: 0): Could not find menu with identifier 'new-main-menu' at /home/456785.cloudwaysapps.com/tzdhesupjt/public_html/vendor/webonyx/graphql-php/src/Error/Error.php:174, InvalidArgumentException(code: 0): Could not find menu with identifier 'new-main-menu' at /home/456785.cloudwaysapps.com/tzdhesupjt/public_html/vendor/scandipwa/menu-organizer/src/Model/Resolver/Menu.php:119)"} []
[2020-08-14 09:22:26] main.ERROR: Please specify product link(s). {"exception":"[object] (GraphQL\\Error\\Error(code: 0): Please specify product link(s). at /home/456785.cloudwaysapps.com/tzdhesupjt/public_html/vendor/webonyx/graphql-php/src/Error/Error.php:174, Magento\\Framework\\GraphQl\\Exception\\GraphQlInputException(code: 0): Please specify product link(s). at /home/456785.cloudwaysapps.com/tzdhesupjt/public_html/vendor/scandipwa/quote-graphql/src/Model/Resolver/SaveCartItem.php:355)"} []
[2020-08-14 09:22:35] main.ERROR: Could not find menu with identifier 'new-main-menu' {"exception":"[object] (GraphQL\\Error\\Error(code: 0): Could not find menu with identifier 'new-main-menu' at /home/456785.cloudwaysapps.com/tzdhesupjt/public_html/vendor/webonyx/graphql-php/src/Error/Error.php:174, InvalidArgumentException(code: 0): Could not find menu with identifier 'new-main-menu' at /home/456785.cloudwaysapps.com/tzdhesupjt/public_html/vendor/scandipwa/menu-organizer/src/Model/Resolver/Menu.php:119)"} []
[2020-08-14 09:22:45] main.ERROR: Please specify product link(s). {"exception":"[object] (GraphQL\\Error\\Error(code: 0): Please specify product link(s). at /home/456785.cloudwaysapps.com/tzdhesupjt/public_html/vendor/webonyx/graphql-php/src/Error/Error.php:174, Magento\\Framework\\GraphQl\\Exception\\GraphQlInputException(code: 0): Please specify product link(s). at /home/456785.cloudwaysapps.com/tzdhesupjt/public_html/vendor/scandipwa/quote-graphql/src/Model/Resolver/SaveCartItem.php:355)"} []
[2020-08-14 09:28:25] main.ERROR: Could not find menu with identifier 'new-main-menu' {"exception":"[object] (GraphQL\\Error\\Error(code: 0): Could not find menu with identifier 'new-main-menu' at /home/456785.cloudwaysapps.com/tzdhesupjt/public_html/vendor/webonyx/graphql-php/src/Error/Error.php:174, InvalidArgumentException(code: 0): Could not find menu with identifier 'new-main-menu' at /home/456785.cloudwaysapps.com/tzdhesupjt/public_html/vendor/scandipwa/menu-organizer/src/Model/Resolver/Menu.php:119)"} []
[2020-08-14 09:28:32] main.ERROR: Could not find menu with identifier 'new-main-menu' {"exception":"[object] (GraphQL\\Error\\Error(code: 0): Could not find menu with identifier 'new-main-menu' at /home/456785.cloudwaysapps.com/tzdhesupjt/public_html/vendor/webonyx/graphql-php/src/Error/Error.php:174, InvalidArgumentException(code: 0): Could not find menu with identifier 'new-main-menu' at /home/456785.cloudwaysapps.com/tzdhesupjt/public_html/vendor/scandipwa/menu-organizer/src/Model/Resolver/Menu.php:119)"} []
[2020-08-14 09:29:08] main.ERROR: Could not find menu with identifier 'new-main-menu' {"exception":"[object] (GraphQL\\Error\\Error(code: 0): Could not find menu with identifier 'new-main-menu' at /home/456785.cloudwaysapps.com/tzdhesupjt/public_html/vendor/webonyx/graphql-php/src/Error/Error.php:174, InvalidArgumentException(code: 0): Could not find menu with identifier 'new-main-menu' at /home/456785.cloudwaysapps.com/tzdhesupjt/public_html/vendor/scandipwa/menu-organizer/src/Model/Resolver/Menu.php:119)"} []
[2020-08-14 09:29:20] main.ERROR: Could not find menu with identifier 'new-main-menu' {"exception":"[object] (GraphQL\\Error\\Error(code: 0): Could not find menu with identifier 'new-main-menu' at /home/456785.cloudwaysapps.com/tzdhesupjt/public_html/vendor/webonyx/graphql-php/src/Error/Error.php:174, InvalidArgumentException(code: 0): Could not find menu with identifier 'new-main-menu' at /home/456785.cloudwaysapps.com/tzdhesupjt/public_html/vendor/scandipwa/menu-organizer/src/Model/Resolver/Menu.php:119)"} []
[2020-08-14 09:33:28] main.ERROR: Could not find menu with identifier 'new-main-menu' {"exception":"[object] (GraphQL\\Error\\Error(code: 0): Could not find menu with identifier 'new-main-menu' at /home/456785.cloudwaysapps.com/tzdhesupjt/public_html/vendor/webonyx/graphql-php/src/Error/Error.php:174, InvalidArgumentException(code: 0): Could not find menu with identifier 'new-main-menu' at /home/456785.cloudwaysapps.com/tzdhesupjt/public_html/vendor/scandipwa/menu-organizer/src/Model/Resolver/Menu.php:119)"} []
[2020-08-14 09:37:57] main.ERROR: Could not find menu with identifier 'new-main-menu' {"exception":"[object] (GraphQL\\Error\\Error(code: 0): Could not find menu with identifier 'new-main-menu' at /home/456785.cloudwaysapps.com/tzdhesupjt/public_html/vendor/webonyx/graphql-php/src/Error/Error.php:174, InvalidArgumentException(code: 0): Could not find menu with identifier 'new-main-menu' at /home/456785.cloudwaysapps.com/tzdhesupjt/public_html/vendor/scandipwa/menu-organizer/src/Model/Resolver/Menu.php:119)"} []
[2020-08-14 11:17:49] main.ERROR: The account sign-in was incorrect or your account is disabled temporarily. Please wait and try again later. {"exception":"[object] (GraphQL\\Error\\Error(code: 0): The account sign-in was incorrect or your account is disabled temporarily. Please wait and try again later. at /home/456785.cloudwaysapps.com/tzdhesupjt/public_html/vendor/webonyx/graphql-php/src/Error/Error.php:174, Magento\\Framework\\GraphQl\\Exception\\GraphQlAuthenticationException(code: 0): The account sign-in was incorrect or your account is disabled temporarily. Please wait and try again later. at /home/456785.cloudwaysapps.com/tzdhesupjt/public_html/vendor/scandipwa/customer-graph-ql/src/Model/Resolver/GenerateCustomerToken.php:72, Magento\\Framework\\Exception\\AuthenticationException(code: 0): The account sign-in was incorrect or your account is disabled temporarily. Please wait and try again later. at /home/456785.cloudwaysapps.com/tzdhesupjt/public_html/vendor/magento/module-integration/Model/CustomerTokenService.php:95)"} []
[2020-08-14 11:18:21] main.ERROR: No such entity with customerId =  {"exception":"[object] (GraphQL\\Error\\Error(code: 0): No such entity with customerId =  at /home/456785.cloudwaysapps.com/tzdhesupjt/public_html/vendor/webonyx/graphql-php/src/Error/Error.php:174, Magento\\Framework\\Exception\\NoSuchEntityException(code: 0): No such entity with customerId =  at /home/456785.cloudwaysapps.com/tzdhesupjt/public_html/vendor/magento/framework/Exception/NoSuchEntityException.php:50)"} []
[2020-08-14 11:18:41] main.ERROR: No such entity with customerId =  {"exception":"[object] (GraphQL\\Error\\Error(code: 0): No such entity with customerId =  at /home/456785.cloudwaysapps.com/tzdhesupjt/public_html/vendor/webonyx/graphql-php/src/Error/Error.php:174, Magento\\Framework\\Exception\\NoSuchEntityException(code: 0): No such entity with customerId =  at /home/456785.cloudwaysapps.com/tzdhesupjt/public_html/vendor/magento/framework/Exception/NoSuchEntityException.php:50)"} []
[2020-08-14 11:49:21] main.ERROR: Billing address errors {"exception":"[object] (GraphQL\\Error\\Error(code: 0): Billing address errors at /home/456785.cloudwaysapps.com/tzdhesupjt/public_html/vendor/webonyx/graphql-php/src/Error/Error.php:174, Magento\\Framework\\GraphQl\\Exception\\GraphQlInputException(code: 0): Billing address errors at /home/456785.cloudwaysapps.com/tzdhesupjt/public_html/vendor/magento/module-quote-graph-ql/Model/Cart/SetBillingAddressOnCart.php:138)"} []
[2020-08-14 11:49:21] main.ERROR: "regionId" is required. Enter and try again. {"exception":"[object] (Magento\\Framework\\GraphQl\\Exception\\GraphQlInputException(code: 0): \"regionId\" is required. Enter and try again. at /home/456785.cloudwaysapps.com/tzdhesupjt/public_html/vendor/magento/module-quote-graph-ql/Model/Cart/SetBillingAddressOnCart.php:140)"} []
